2019-10-06 22:36:43,225 [Worker-0: Loading available Gradle versions] INFO  o.e.b.c.i.u.g.PublishedGradleVersions - Gradle version information cache is out-of-date. Trying to update.
2019-10-06 22:38:51,863 [Worker-14: Creating maven-archetype-quickstart] INFO  o.e.m.c.i.p.ProjectConfigurationManager - Collecting project info '/pom.xml' D:\Matthew Cloud Infrastructure\sdk\java\javaSdk\pom.xml
2019-10-06 22:38:57,549 [Worker-14: Creating maven-archetype-quickstart] INFO  o.e.m.c.i.l.LifecycleMappingFactory - Using org.eclipse.m2e.jdt.JarLifecycleMapping lifecycle mapping for MavenProject: com.matthew_cloud:javaSdk:0.0.1-SNAPSHOT @ D:\Matthew Cloud Infrastructure\sdk\java\javaSdk\pom.xml.
2019-10-06 22:39:01,759 [Worker-14: Creating maven-archetype-quickstart] INFO  o.e.m.j.i.AbstractJavaProjectConfigurator - Adding source folder /javaSdk/src/main/java
2019-10-06 22:39:01,941 [Worker-14: Creating maven-archetype-quickstart] INFO  o.e.m.j.i.AbstractJavaProjectConfigurator - Adding source folder /javaSdk/src/test/java
2019-10-06 22:39:03,425 [Worker-14: Creating maven-archetype-quickstart] INFO  o.e.m.c.i.p.ProjectConfigurationManager - Imported and configured 1 project(s) in 11 sec
2019-10-06 22:39:06,336 [Worker-16: Building workspace] INFO  o.e.m.c.i.embedder.EclipseLogger - Using 'UTF-8' encoding to copy filtered resources.
2019-10-06 22:39:06,337 [Worker-16: Building workspace] INFO  o.e.m.c.i.embedder.EclipseLogger - skip non existing resourceDirectory D:\Matthew Cloud Infrastructure\sdk\java\javaSdk\src\main\resources
2019-10-06 22:39:06,338 [Worker-16: Building workspace] INFO  o.e.m.c.i.embedder.EclipseLogger - Using 'UTF-8' encoding to copy filtered resources.
2019-10-06 22:39:06,338 [Worker-16: Building workspace] INFO  o.e.m.c.i.embedder.EclipseLogger - skip non existing resourceDirectory D:\Matthew Cloud Infrastructure\sdk\java\javaSdk\src\test\resources
2019-10-06 22:39:10,487 [Worker-15: Building workspace] INFO  o.e.m.c.i.embedder.EclipseLogger - Using 'UTF-8' encoding to copy filtered resources.
2019-10-06 22:39:10,488 [Worker-15: Building workspace] INFO  o.e.m.c.i.embedder.EclipseLogger - skip non existing resourceDirectory D:\Matthew Cloud Infrastructure\sdk\java\javaSdk\src\main\resources
2019-10-06 22:39:10,489 [Worker-15: Building workspace] INFO  o.e.m.c.i.embedder.EclipseLogger - Using 'UTF-8' encoding to copy filtered resources.
2019-10-06 22:39:10,489 [Worker-15: Building workspace] INFO  o.e.m.c.i.embedder.EclipseLogger - skip non existing resourceDirectory D:\Matthew Cloud Infrastructure\sdk\java\javaSdk\src\test\resources
2019-10-06 22:40:34,631 [Worker-16: Building workspace] INFO  o.e.m.c.i.embedder.EclipseLogger - Using 'UTF-8' encoding to copy filtered resources.
2019-10-06 22:40:34,631 [Worker-16: Building workspace] INFO  o.e.m.c.i.embedder.EclipseLogger - skip non existing resourceDirectory D:\Matthew Cloud Infrastructure\sdk\java\javaSdk\src\main\resources
2019-10-06 22:40:34,636 [Worker-16: Building workspace] INFO  o.e.m.c.i.embedder.EclipseLogger - Using 'UTF-8' encoding to copy filtered resources.
2019-10-06 22:40:34,637 [Worker-16: Building workspace] INFO  o.e.m.c.i.embedder.EclipseLogger - skip non existing resourceDirectory D:\Matthew Cloud Infrastructure\sdk\java\javaSdk\src\test\resources
2019-10-06 22:40:48,991 [Worker-12: Building workspace] INFO  o.e.m.c.i.embedder.EclipseLogger - Using 'UTF-8' encoding to copy filtered resources.
2019-10-06 22:40:48,991 [Worker-12: Building workspace] INFO  o.e.m.c.i.embedder.EclipseLogger - skip non existing resourceDirectory D:\Matthew Cloud Infrastructure\sdk\java\javaSdk\src\main\resources
2019-10-06 22:40:48,996 [Worker-12: Building workspace] INFO  o.e.m.c.i.embedder.EclipseLogger - Using 'UTF-8' encoding to copy filtered resources.
2019-10-06 22:40:49,001 [Worker-12: Building workspace] INFO  o.e.m.c.i.embedder.EclipseLogger - skip non existing resourceDirectory D:\Matthew Cloud Infrastructure\sdk\java\javaSdk\src\test\resources
2019-10-06 23:08:07,919 [Worker-20: Building workspace] INFO  o.e.m.c.i.embedder.EclipseLogger - Using 'UTF-8' encoding to copy filtered resources.
2019-10-06 23:08:07,919 [Worker-20: Building workspace] INFO  o.e.m.c.i.embedder.EclipseLogger - skip non existing resourceDirectory D:\Matthew Cloud Infrastructure\sdk\java\javaSdk\src\main\resources
2019-10-06 23:08:07,924 [Worker-20: Building workspace] INFO  o.e.m.c.i.embedder.EclipseLogger - Using 'UTF-8' encoding to copy filtered resources.
2019-10-06 23:08:07,929 [Worker-20: Building workspace] INFO  o.e.m.c.i.embedder.EclipseLogger - skip non existing resourceDirectory D:\Matthew Cloud Infrastructure\sdk\java\javaSdk\src\test\resources
2019-10-06 23:36:18,456 [Worker-40: Building workspace] INFO  o.e.m.c.i.embedder.EclipseLogger - Using 'UTF-8' encoding to copy filtered resources.
2019-10-06 23:36:18,456 [Worker-40: Building workspace] INFO  o.e.m.c.i.embedder.EclipseLogger - skip non existing resourceDirectory D:\Matthew Cloud Infrastructure\sdk\java\javaSdk\src\main\resources
2019-10-06 23:36:18,462 [Worker-40: Building workspace] INFO  o.e.m.c.i.embedder.EclipseLogger - Using 'UTF-8' encoding to copy filtered resources.
2019-10-06 23:36:18,467 [Worker-40: Building workspace] INFO  o.e.m.c.i.embedder.EclipseLogger - skip non existing resourceDirectory D:\Matthew Cloud Infrastructure\sdk\java\javaSdk\src\test\resources
2019-10-06 23:38:11,687 [Worker-38: Building workspace] INFO  o.e.m.c.i.embedder.EclipseLogger - Using 'UTF-8' encoding to copy filtered resources.
2019-10-06 23:38:11,687 [Worker-38: Building workspace] INFO  o.e.m.c.i.embedder.EclipseLogger - skip non existing resourceDirectory D:\Matthew Cloud Infrastructure\sdk\java\javaSdk\src\main\resources
2019-10-06 23:38:11,692 [Worker-38: Building workspace] INFO  o.e.m.c.i.embedder.EclipseLogger - Using 'UTF-8' encoding to copy filtered resources.
2019-10-06 23:38:11,696 [Worker-38: Building workspace] INFO  o.e.m.c.i.embedder.EclipseLogger - skip non existing resourceDirectory D:\Matthew Cloud Infrastructure\sdk\java\javaSdk\src\test\resources
2019-10-06 23:38:56,583 [Worker-43: Building workspace] INFO  o.e.m.c.i.embedder.EclipseLogger - Using 'UTF-8' encoding to copy filtered resources.
2019-10-06 23:38:56,584 [Worker-43: Building workspace] INFO  o.e.m.c.i.embedder.EclipseLogger - skip non existing resourceDirectory D:\Matthew Cloud Infrastructure\sdk\java\javaSdk\src\main\resources
2019-10-06 23:38:56,589 [Worker-43: Building workspace] INFO  o.e.m.c.i.embedder.EclipseLogger - Using 'UTF-8' encoding to copy filtered resources.
2019-10-06 23:38:56,593 [Worker-43: Building workspace] INFO  o.e.m.c.i.embedder.EclipseLogger - skip non existing resourceDirectory D:\Matthew Cloud Infrastructure\sdk\java\javaSdk\src\test\resources
2019-10-06 23:39:18,502 [Worker-43: Building workspace] INFO  o.e.m.c.i.embedder.EclipseLogger - Using 'UTF-8' encoding to copy filtered resources.
2019-10-06 23:39:18,502 [Worker-43: Building workspace] INFO  o.e.m.c.i.embedder.EclipseLogger - skip non existing resourceDirectory D:\Matthew Cloud Infrastructure\sdk\java\javaSdk\src\main\resources
2019-10-06 23:39:18,507 [Worker-43: Building workspace] INFO  o.e.m.c.i.embedder.EclipseLogger - Using 'UTF-8' encoding to copy filtered resources.
2019-10-06 23:39:18,511 [Worker-43: Building workspace] INFO  o.e.m.c.i.embedder.EclipseLogger - skip non existing resourceDirectory D:\Matthew Cloud Infrastructure\sdk\java\javaSdk\src\test\resources
2019-10-06 23:40:05,500 [Worker-42: Building workspace] INFO  o.e.m.c.i.embedder.EclipseLogger - Using 'UTF-8' encoding to copy filtered resources.
2019-10-06 23:40:05,501 [Worker-42: Building workspace] INFO  o.e.m.c.i.embedder.EclipseLogger - skip non existing resourceDirectory D:\Matthew Cloud Infrastructure\sdk\java\javaSdk\src\main\resources
2019-10-06 23:40:05,505 [Worker-42: Building workspace] INFO  o.e.m.c.i.embedder.EclipseLogger - Using 'UTF-8' encoding to copy filtered resources.
2019-10-06 23:40:05,510 [Worker-42: Building workspace] INFO  o.e.m.c.i.embedder.EclipseLogger - skip non existing resourceDirectory D:\Matthew Cloud Infrastructure\sdk\java\javaSdk\src\test\resources
2019-10-06 23:42:30,658 [Worker-39: Building workspace] INFO  o.e.m.c.i.embedder.EclipseLogger - Using 'UTF-8' encoding to copy filtered resources.
2019-10-06 23:42:30,658 [Worker-39: Building workspace] INFO  o.e.m.c.i.embedder.EclipseLogger - skip non existing resourceDirectory D:\Matthew Cloud Infrastructure\sdk\java\javaSdk\src\main\resources
2019-10-06 23:42:30,658 [Worker-39: Building workspace] INFO  o.e.m.c.i.embedder.EclipseLogger - Using 'UTF-8' encoding to copy filtered resources.
2019-10-06 23:42:30,658 [Worker-39: Building workspace] INFO  o.e.m.c.i.embedder.EclipseLogger - skip non existing resourceDirectory D:\Matthew Cloud Infrastructure\sdk\java\javaSdk\src\test\resources
2019-10-06 23:42:32,736 [Worker-42: Building workspace] INFO  o.e.m.c.i.embedder.EclipseLogger - Using 'UTF-8' encoding to copy filtered resources.
2019-10-06 23:42:32,736 [Worker-42: Building workspace] INFO  o.e.m.c.i.embedder.EclipseLogger - skip non existing resourceDirectory D:\Matthew Cloud Infrastructure\sdk\java\javaSdk\src\main\resources
2019-10-06 23:42:32,736 [Worker-42: Building workspace] INFO  o.e.m.c.i.embedder.EclipseLogger - Using 'UTF-8' encoding to copy filtered resources.
2019-10-06 23:42:32,736 [Worker-42: Building workspace] INFO  o.e.m.c.i.embedder.EclipseLogger - skip non existing resourceDirectory D:\Matthew Cloud Infrastructure\sdk\java\javaSdk\src\test\resources
2019-10-06 23:43:28,997 [Worker-33: Building workspace] INFO  o.e.m.c.i.embedder.EclipseLogger - Using 'UTF-8' encoding to copy filtered resources.
2019-10-06 23:43:28,998 [Worker-33: Building workspace] INFO  o.e.m.c.i.embedder.EclipseLogger - skip non existing resourceDirectory D:\Matthew Cloud Infrastructure\sdk\java\javaSdk\src\main\resources
2019-10-06 23:43:29,003 [Worker-33: Building workspace] INFO  o.e.m.c.i.embedder.EclipseLogger - Using 'UTF-8' encoding to copy filtered resources.
2019-10-06 23:43:29,008 [Worker-33: Building workspace] INFO  o.e.m.c.i.embedder.EclipseLogger - skip non existing resourceDirectory D:\Matthew Cloud Infrastructure\sdk\java\javaSdk\src\test\resources
2019-10-06 23:46:24,932 [Worker-36: Building workspace] INFO  o.e.m.c.i.embedder.EclipseLogger - Using 'UTF-8' encoding to copy filtered resources.
2019-10-06 23:46:24,932 [Worker-36: Building workspace] INFO  o.e.m.c.i.embedder.EclipseLogger - skip non existing resourceDirectory D:\Matthew Cloud Infrastructure\sdk\java\javaSdk\src\main\resources
2019-10-06 23:46:24,937 [Worker-36: Building workspace] INFO  o.e.m.c.i.embedder.EclipseLogger - Using 'UTF-8' encoding to copy filtered resources.
2019-10-06 23:46:24,941 [Worker-36: Building workspace] INFO  o.e.m.c.i.embedder.EclipseLogger - skip non existing resourceDirectory D:\Matthew Cloud Infrastructure\sdk\java\javaSdk\src\test\resources
2019-10-06 23:46:37,842 [Worker-40: Building workspace] INFO  o.e.m.c.i.embedder.EclipseLogger - Using 'UTF-8' encoding to copy filtered resources.
2019-10-06 23:46:37,843 [Worker-40: Building workspace] INFO  o.e.m.c.i.embedder.EclipseLogger - skip non existing resourceDirectory D:\Matthew Cloud Infrastructure\sdk\java\javaSdk\src\main\resources
2019-10-06 23:46:37,848 [Worker-40: Building workspace] INFO  o.e.m.c.i.embedder.EclipseLogger - Using 'UTF-8' encoding to copy filtered resources.
2019-10-06 23:46:37,852 [Worker-40: Building workspace] INFO  o.e.m.c.i.embedder.EclipseLogger - skip non existing resourceDirectory D:\Matthew Cloud Infrastructure\sdk\java\javaSdk\src\test\resources
2019-10-06 23:46:55,995 [Worker-38: Building workspace] INFO  o.e.m.c.i.embedder.EclipseLogger - Using 'UTF-8' encoding to copy filtered resources.
2019-10-06 23:46:55,996 [Worker-38: Building workspace] INFO  o.e.m.c.i.embedder.EclipseLogger - skip non existing resourceDirectory D:\Matthew Cloud Infrastructure\sdk\java\javaSdk\src\main\resources
2019-10-06 23:46:56,001 [Worker-38: Building workspace] INFO  o.e.m.c.i.embedder.EclipseLogger - Using 'UTF-8' encoding to copy filtered resources.
2019-10-06 23:46:56,005 [Worker-38: Building workspace] INFO  o.e.m.c.i.embedder.EclipseLogger - skip non existing resourceDirectory D:\Matthew Cloud Infrastructure\sdk\java\javaSdk\src\test\resources
2019-10-06 23:47:14,094 [Worker-41: Building workspace] INFO  o.e.m.c.i.embedder.EclipseLogger - Using 'UTF-8' encoding to copy filtered resources.
2019-10-06 23:47:14,094 [Worker-41: Building workspace] INFO  o.e.m.c.i.embedder.EclipseLogger - skip non existing resourceDirectory D:\Matthew Cloud Infrastructure\sdk\java\javaSdk\src\main\resources
2019-10-06 23:47:14,099 [Worker-41: Building workspace] INFO  o.e.m.c.i.embedder.EclipseLogger - Using 'UTF-8' encoding to copy filtered resources.
2019-10-06 23:47:14,103 [Worker-41: Building workspace] INFO  o.e.m.c.i.embedder.EclipseLogger - skip non existing resourceDirectory D:\Matthew Cloud Infrastructure\sdk\java\javaSdk\src\test\resources
2019-10-06 23:48:50,010 [Worker-33: Building workspace] INFO  o.e.m.c.i.embedder.EclipseLogger - Using 'UTF-8' encoding to copy filtered resources.
2019-10-06 23:48:50,010 [Worker-33: Building workspace] INFO  o.e.m.c.i.embedder.EclipseLogger - skip non existing resourceDirectory D:\Matthew Cloud Infrastructure\sdk\java\javaSdk\src\main\resources
2019-10-06 23:48:50,015 [Worker-33: Building workspace] INFO  o.e.m.c.i.embedder.EclipseLogger - Using 'UTF-8' encoding to copy filtered resources.
2019-10-06 23:48:50,019 [Worker-33: Building workspace] INFO  o.e.m.c.i.embedder.EclipseLogger - skip non existing resourceDirectory D:\Matthew Cloud Infrastructure\sdk\java\javaSdk\src\test\resources
2019-10-06 23:49:11,631 [Worker-37: Building workspace] INFO  o.e.m.c.i.embedder.EclipseLogger - Using 'UTF-8' encoding to copy filtered resources.
2019-10-06 23:49:11,632 [Worker-37: Building workspace] INFO  o.e.m.c.i.embedder.EclipseLogger - skip non existing resourceDirectory D:\Matthew Cloud Infrastructure\sdk\java\javaSdk\src\main\resources
2019-10-06 23:49:11,637 [Worker-37: Building workspace] INFO  o.e.m.c.i.embedder.EclipseLogger - Using 'UTF-8' encoding to copy filtered resources.
2019-10-06 23:49:11,641 [Worker-37: Building workspace] INFO  o.e.m.c.i.embedder.EclipseLogger - skip non existing resourceDirectory D:\Matthew Cloud Infrastructure\sdk\java\javaSdk\src\test\resources
2019-10-06 23:49:15,928 [Worker-42: Building workspace] INFO  o.e.m.c.i.embedder.EclipseLogger - Using 'UTF-8' encoding to copy filtered resources.
2019-10-06 23:49:15,929 [Worker-42: Building workspace] INFO  o.e.m.c.i.embedder.EclipseLogger - skip non existing resourceDirectory D:\Matthew Cloud Infrastructure\sdk\java\javaSdk\src\main\resources
2019-10-06 23:49:15,934 [Worker-42: Building workspace] INFO  o.e.m.c.i.embedder.EclipseLogger - Using 'UTF-8' encoding to copy filtered resources.
2019-10-06 23:49:15,938 [Worker-42: Building workspace] INFO  o.e.m.c.i.embedder.EclipseLogger - skip non existing resourceDirectory D:\Matthew Cloud Infrastructure\sdk\java\javaSdk\src\test\resources
2019-10-06 23:49:26,516 [Worker-33: Building workspace] INFO  o.e.m.c.i.embedder.EclipseLogger - Using 'UTF-8' encoding to copy filtered resources.
2019-10-06 23:49:26,517 [Worker-33: Building workspace] INFO  o.e.m.c.i.embedder.EclipseLogger - skip non existing resourceDirectory D:\Matthew Cloud Infrastructure\sdk\java\javaSdk\src\main\resources
2019-10-06 23:49:26,522 [Worker-33: Building workspace] INFO  o.e.m.c.i.embedder.EclipseLogger - Using 'UTF-8' encoding to copy filtered resources.
2019-10-06 23:49:26,527 [Worker-33: Building workspace] INFO  o.e.m.c.i.embedder.EclipseLogger - skip non existing resourceDirectory D:\Matthew Cloud Infrastructure\sdk\java\javaSdk\src\test\resources
2019-10-06 23:49:48,842 [Worker-39: Building workspace] INFO  o.e.m.c.i.embedder.EclipseLogger - Using 'UTF-8' encoding to copy filtered resources.
2019-10-06 23:49:48,842 [Worker-39: Building workspace] INFO  o.e.m.c.i.embedder.EclipseLogger - skip non existing resourceDirectory D:\Matthew Cloud Infrastructure\sdk\java\javaSdk\src\main\resources
2019-10-06 23:49:48,842 [Worker-39: Building workspace] INFO  o.e.m.c.i.embedder.EclipseLogger - Using 'UTF-8' encoding to copy filtered resources.
2019-10-06 23:49:48,842 [Worker-39: Building workspace] INFO  o.e.m.c.i.embedder.EclipseLogger - skip non existing resourceDirectory D:\Matthew Cloud Infrastructure\sdk\java\javaSdk\src\test\resources
2019-10-06 23:50:43,829 [Worker-41: Building workspace] INFO  o.e.m.c.i.embedder.EclipseLogger - Using 'UTF-8' encoding to copy filtered resources.
2019-10-06 23:50:43,829 [Worker-41: Building workspace] INFO  o.e.m.c.i.embedder.EclipseLogger - skip non existing resourceDirectory D:\Matthew Cloud Infrastructure\sdk\java\javaSdk\src\main\resources
2019-10-06 23:50:43,834 [Worker-41: Building workspace] INFO  o.e.m.c.i.embedder.EclipseLogger - Using 'UTF-8' encoding to copy filtered resources.
2019-10-06 23:50:43,839 [Worker-41: Building workspace] INFO  o.e.m.c.i.embedder.EclipseLogger - skip non existing resourceDirectory D:\Matthew Cloud Infrastructure\sdk\java\javaSdk\src\test\resources
2019-10-06 23:50:55,919 [Worker-38: Building workspace] INFO  o.e.m.c.i.embedder.EclipseLogger - Using 'UTF-8' encoding to copy filtered resources.
2019-10-06 23:50:55,919 [Worker-38: Building workspace] INFO  o.e.m.c.i.embedder.EclipseLogger - skip non existing resourceDirectory D:\Matthew Cloud Infrastructure\sdk\java\javaSdk\src\main\resources
2019-10-06 23:50:55,924 [Worker-38: Building workspace] INFO  o.e.m.c.i.embedder.EclipseLogger - Using 'UTF-8' encoding to copy filtered resources.
2019-10-06 23:50:55,929 [Worker-38: Building workspace] INFO  o.e.m.c.i.embedder.EclipseLogger - skip non existing resourceDirectory D:\Matthew Cloud Infrastructure\sdk\java\javaSdk\src\test\resources
2019-10-08 22:02:53,920 [Worker-1: Loading available Gradle versions] INFO  o.e.b.c.i.u.g.PublishedGradleVersions - Gradle version information cache is up-to-date. Trying to read.
2019-10-08 22:02:57,489 [Worker-6: Building workspace] INFO  o.e.m.c.i.embedder.EclipseLogger - Using 'UTF-8' encoding to copy filtered resources.
2019-10-08 22:02:57,490 [Worker-6: Building workspace] INFO  o.e.m.c.i.embedder.EclipseLogger - skip non existing resourceDirectory D:\Github Matthew Cloud Infrastructure\Matthew-cloud-infrastructure\sdk\java\javaSdk\src\main\resources
2019-10-08 22:02:57,492 [Worker-6: Building workspace] INFO  o.e.m.c.i.embedder.EclipseLogger - Using 'UTF-8' encoding to copy filtered resources.
2019-10-08 22:02:57,493 [Worker-6: Building workspace] INFO  o.e.m.c.i.embedder.EclipseLogger - skip non existing resourceDirectory D:\Github Matthew Cloud Infrastructure\Matthew-cloud-infrastructure\sdk\java\javaSdk\src\test\resources
